[0.060s] Invoking command in '/home/deepet/Desktop/autofuel_system/doosan-robot2/build/dsr_moveit_config_h2017': CMAKE_PREFIX_PATH=${CMAKE_PREFIX_PATH}:/opt/ros/jazzy DEBUGINFOD_URLS=https://debuginfod.ubuntu.com /usr/bin/cmake /home/deepet/Desktop/autofuel_system/doosan-robot2/dsr_moveit2/dsr_moveit_config_h2017 -DCMAKE_INSTALL_PREFIX=/home/deepet/Desktop/autofuel_system/doosan-robot2/install/dsr_moveit_config_h2017
[0.138s] -- The C compiler identification is GNU 11.5.0
[0.223s] -- The CXX compiler identification is GNU 11.5.0
[0.247s] -- Detecting C compiler ABI info
[0.356s] -- Detecting C compiler ABI info - done
[0.376s] -- Check for working C compiler: /usr/bin/cc - skipped
[0.377s] -- Detecting C compile features
[0.377s] -- Detecting C compile features - done
[0.394s] -- Detecting CXX compiler ABI info
[0.539s] -- Detecting CXX compiler ABI info - done
[0.553s] -- Check for working CXX compiler: /usr/bin/c++ - skipped
[0.553s] -- Detecting CXX compile features
[0.554s] -- Detecting CXX compile features - done
[0.559s] -- Found ament_cmake: 2.5.4 (/opt/ros/jazzy/share/ament_cmake/cmake)
[0.794s] -- Found Python3: /usr/bin/python3 (found version "3.12.3") found components: Interpreter 
[1.159s] -- Configuring done (1.1s)
[1.160s] -- Generating done (0.0s)
[1.161s] -- Build files have been written to: /home/deepet/Desktop/autofuel_system/doosan-robot2/build/dsr_moveit_config_h2017
[1.223s] Invoked command in '/home/deepet/Desktop/autofuel_system/doosan-robot2/build/dsr_moveit_config_h2017' returned '0': CMAKE_PREFIX_PATH=${CMAKE_PREFIX_PATH}:/opt/ros/jazzy DEBUGINFOD_URLS=https://debuginfod.ubuntu.com /usr/bin/cmake /home/deepet/Desktop/autofuel_system/doosan-robot2/dsr_moveit2/dsr_moveit_config_h2017 -DCMAKE_INSTALL_PREFIX=/home/deepet/Desktop/autofuel_system/doosan-robot2/install/dsr_moveit_config_h2017
[1.227s] Invoking command in '/home/deepet/Desktop/autofuel_system/doosan-robot2/build/dsr_moveit_config_h2017': CMAKE_PREFIX_PATH=${CMAKE_PREFIX_PATH}:/opt/ros/jazzy DEBUGINFOD_URLS=https://debuginfod.ubuntu.com /usr/bin/cmake --build /home/deepet/Desktop/autofuel_system/doosan-robot2/build/dsr_moveit_config_h2017 -- -j32 -l32
[1.339s] Invoked command in '/home/deepet/Desktop/autofuel_system/doosan-robot2/build/dsr_moveit_config_h2017' returned '0': CMAKE_PREFIX_PATH=${CMAKE_PREFIX_PATH}:/opt/ros/jazzy DEBUGINFOD_URLS=https://debuginfod.ubuntu.com /usr/bin/cmake --build /home/deepet/Desktop/autofuel_system/doosan-robot2/build/dsr_moveit_config_h2017 -- -j32 -l32
[1.342s] Invoking command in '/home/deepet/Desktop/autofuel_system/doosan-robot2/build/dsr_moveit_config_h2017': CMAKE_PREFIX_PATH=${CMAKE_PREFIX_PATH}:/opt/ros/jazzy DEBUGINFOD_URLS=https://debuginfod.ubuntu.com /usr/bin/cmake --install /home/deepet/Desktop/autofuel_system/doosan-robot2/build/dsr_moveit_config_h2017
[1.355s] -- Install configuration: ""
[1.355s] -- Installing: /home/deepet/Desktop/autofuel_system/doosan-robot2/install/dsr_moveit_config_h2017/share/ament_index/resource_index/package_run_dependencies/dsr_moveit_config_h2017
[1.356s] -- Installing: /home/deepet/Desktop/autofuel_system/doosan-robot2/install/dsr_moveit_config_h2017/share/ament_index/resource_index/parent_prefix_path/dsr_moveit_config_h2017
[1.356s] -- Installing: /home/deepet/Desktop/autofuel_system/doosan-robot2/install/dsr_moveit_config_h2017/share/dsr_moveit_config_h2017/environment/ament_prefix_path.sh
[1.356s] -- Installing: /home/deepet/Desktop/autofuel_system/doosan-robot2/install/dsr_moveit_config_h2017/share/dsr_moveit_config_h2017/environment/ament_prefix_path.dsv
[1.356s] -- Installing: /home/deepet/Desktop/autofuel_system/doosan-robot2/install/dsr_moveit_config_h2017/share/dsr_moveit_config_h2017/environment/path.sh
[1.356s] -- Installing: /home/deepet/Desktop/autofuel_system/doosan-robot2/install/dsr_moveit_config_h2017/share/dsr_moveit_config_h2017/environment/path.dsv
[1.356s] -- Installing: /home/deepet/Desktop/autofuel_system/doosan-robot2/install/dsr_moveit_config_h2017/share/dsr_moveit_config_h2017/local_setup.bash
[1.357s] -- Installing: /home/deepet/Desktop/autofuel_system/doosan-robot2/install/dsr_moveit_config_h2017/share/dsr_moveit_config_h2017/local_setup.sh
[1.357s] -- Installing: /home/deepet/Desktop/autofuel_system/doosan-robot2/install/dsr_moveit_config_h2017/share/dsr_moveit_config_h2017/local_setup.zsh
[1.357s] -- Installing: /home/deepet/Desktop/autofuel_system/doosan-robot2/install/dsr_moveit_config_h2017/share/dsr_moveit_config_h2017/local_setup.dsv
[1.357s] -- Installing: /home/deepet/Desktop/autofuel_system/doosan-robot2/install/dsr_moveit_config_h2017/share/dsr_moveit_config_h2017/package.dsv
[1.357s] -- Installing: /home/deepet/Desktop/autofuel_system/doosan-robot2/install/dsr_moveit_config_h2017/share/ament_index/resource_index/packages/dsr_moveit_config_h2017
[1.357s] -- Installing: /home/deepet/Desktop/autofuel_system/doosan-robot2/install/dsr_moveit_config_h2017/share/dsr_moveit_config_h2017/cmake/dsr_moveit_config_h2017Config.cmake
[1.357s] -- Installing: /home/deepet/Desktop/autofuel_system/doosan-robot2/install/dsr_moveit_config_h2017/share/dsr_moveit_config_h2017/cmake/dsr_moveit_config_h2017Config-version.cmake
[1.357s] -- Installing: /home/deepet/Desktop/autofuel_system/doosan-robot2/install/dsr_moveit_config_h2017/share/dsr_moveit_config_h2017/package.xml
[1.358s] -- Installing: /home/deepet/Desktop/autofuel_system/doosan-robot2/install/dsr_moveit_config_h2017/share/dsr_moveit_config_h2017/launch
[1.359s] -- Installing: /home/deepet/Desktop/autofuel_system/doosan-robot2/install/dsr_moveit_config_h2017/share/dsr_moveit_config_h2017/launch/moveit.rviz
[1.359s] -- Installing: /home/deepet/Desktop/autofuel_system/doosan-robot2/install/dsr_moveit_config_h2017/share/dsr_moveit_config_h2017/launch/demo.launch.py
[1.359s] -- Installing: /home/deepet/Desktop/autofuel_system/doosan-robot2/install/dsr_moveit_config_h2017/share/dsr_moveit_config_h2017/launch/start.launch.py
[1.359s] -- Installing: /home/deepet/Desktop/autofuel_system/doosan-robot2/install/dsr_moveit_config_h2017/share/dsr_moveit_config_h2017/config
[1.359s] -- Installing: /home/deepet/Desktop/autofuel_system/doosan-robot2/install/dsr_moveit_config_h2017/share/dsr_moveit_config_h2017/config/joint_limits.yaml
[1.359s] -- Installing: /home/deepet/Desktop/autofuel_system/doosan-robot2/install/dsr_moveit_config_h2017/share/dsr_moveit_config_h2017/config/h2017.urdf.xacro
[1.359s] -- Installing: /home/deepet/Desktop/autofuel_system/doosan-robot2/install/dsr_moveit_config_h2017/share/dsr_moveit_config_h2017/config/dsr.ros2_control.xacro
[1.359s] -- Installing: /home/deepet/Desktop/autofuel_system/doosan-robot2/install/dsr_moveit_config_h2017/share/dsr_moveit_config_h2017/config/moveit_controllers.yaml
[1.359s] -- Installing: /home/deepet/Desktop/autofuel_system/doosan-robot2/install/dsr_moveit_config_h2017/share/dsr_moveit_config_h2017/config/pilz_cartesian_limits.yaml
[1.361s] -- Installing: /home/deepet/Desktop/autofuel_system/doosan-robot2/install/dsr_moveit_config_h2017/share/dsr_moveit_config_h2017/config/dsr.srdf
[1.362s] -- Installing: /home/deepet/Desktop/autofuel_system/doosan-robot2/install/dsr_moveit_config_h2017/share/dsr_moveit_config_h2017/config/ros2_controllers.yaml
[1.366s] -- Installing: /home/deepet/Desktop/autofuel_system/doosan-robot2/install/dsr_moveit_config_h2017/share/dsr_moveit_config_h2017/config/chomp_planning.yaml
[1.366s] -- Installing: /home/deepet/Desktop/autofuel_system/doosan-robot2/install/dsr_moveit_config_h2017/share/dsr_moveit_config_h2017/config/initial_positions.yaml
[1.366s] -- Installing: /home/deepet/Desktop/autofuel_system/doosan-robot2/install/dsr_moveit_config_h2017/share/dsr_moveit_config_h2017/config/ompl_planning.yaml
[1.366s] -- Installing: /home/deepet/Desktop/autofuel_system/doosan-robot2/install/dsr_moveit_config_h2017/share/dsr_moveit_config_h2017/config/sensors_3d.yaml
[1.367s] -- Installing: /home/deepet/Desktop/autofuel_system/doosan-robot2/install/dsr_moveit_config_h2017/share/dsr_moveit_config_h2017/config/kinematics.yaml
[1.367s] -- Installing: /home/deepet/Desktop/autofuel_system/doosan-robot2/install/dsr_moveit_config_h2017/share/dsr_moveit_config_h2017/.setup_assistant
[1.393s] Invoked command in '/home/deepet/Desktop/autofuel_system/doosan-robot2/build/dsr_moveit_config_h2017' returned '0': CMAKE_PREFIX_PATH=${CMAKE_PREFIX_PATH}:/opt/ros/jazzy DEBUGINFOD_URLS=https://debuginfod.ubuntu.com /usr/bin/cmake --install /home/deepet/Desktop/autofuel_system/doosan-robot2/build/dsr_moveit_config_h2017
