running egg_info
creating ../../build/dsr_visualservoing/dsr_visualservoing.egg-info
writing ../../build/dsr_visualservoing/dsr_visualservoing.egg-info/PKG-INFO
writing dependency_links to ../../build/dsr_visualservoing/dsr_visualservoing.egg-info/dependency_links.txt
writing entry points to ../../build/dsr_visualservoing/dsr_visualservoing.egg-info/entry_points.txt
writing requirements to ../../build/dsr_visualservoing/dsr_visualservoing.egg-info/requires.txt
writing top-level names to ../../build/dsr_visualservoing/dsr_visualservoing.egg-info/top_level.txt
writing manifest file '../../build/dsr_visualservoing/dsr_visualservoing.egg-info/SOURCES.txt'
reading manifest file '../../build/dsr_visualservoing/dsr_visualservoing.egg-info/SOURCES.txt'
writing manifest file '../../build/dsr_visualservoing/dsr_visualservoing.egg-info/SOURCES.txt'
running build
running build_py
creating /home/deepet/Desktop/autofuel_system/doosan-robot2/build/dsr_visualservoing/build
creating /home/deepet/Desktop/autofuel_system/doosan-robot2/build/dsr_visualservoing/build/lib
creating /home/deepet/Desktop/autofuel_system/doosan-robot2/build/dsr_visualservoing/build/lib/dsr_visualservoing
copying dsr_visualservoing/camera_publisher.py -> /home/deepet/Desktop/autofuel_system/doosan-robot2/build/dsr_visualservoing/build/lib/dsr_visualservoing
copying dsr_visualservoing/detect_marker_gz.py -> /home/deepet/Desktop/autofuel_system/doosan-robot2/build/dsr_visualservoing/build/lib/dsr_visualservoing
copying dsr_visualservoing/joint90.py -> /home/deepet/Desktop/autofuel_system/doosan-robot2/build/dsr_visualservoing/build/lib/dsr_visualservoing
copying dsr_visualservoing/__init__.py -> /home/deepet/Desktop/autofuel_system/doosan-robot2/build/dsr_visualservoing/build/lib/dsr_visualservoing
copying dsr_visualservoing/send_pose_servol_gz.py -> /home/deepet/Desktop/autofuel_system/doosan-robot2/build/dsr_visualservoing/build/lib/dsr_visualservoing
running install
running install_lib
creating /home/deepet/Desktop/autofuel_system/doosan-robot2/install/dsr_visualservoing/lib/python3.12/site-packages/dsr_visualservoing
copying /home/deepet/Desktop/autofuel_system/doosan-robot2/build/dsr_visualservoing/build/lib/dsr_visualservoing/camera_publisher.py -> /home/deepet/Desktop/autofuel_system/doosan-robot2/install/dsr_visualservoing/lib/python3.12/site-packages/dsr_visualservoing
copying /home/deepet/Desktop/autofuel_system/doosan-robot2/build/dsr_visualservoing/build/lib/dsr_visualservoing/detect_marker_gz.py -> /home/deepet/Desktop/autofuel_system/doosan-robot2/install/dsr_visualservoing/lib/python3.12/site-packages/dsr_visualservoing
copying /home/deepet/Desktop/autofuel_system/doosan-robot2/build/dsr_visualservoing/build/lib/dsr_visualservoing/joint90.py -> /home/deepet/Desktop/autofuel_system/doosan-robot2/install/dsr_visualservoing/lib/python3.12/site-packages/dsr_visualservoing
copying /home/deepet/Desktop/autofuel_system/doosan-robot2/build/dsr_visualservoing/build/lib/dsr_visualservoing/__init__.py -> /home/deepet/Desktop/autofuel_system/doosan-robot2/install/dsr_visualservoing/lib/python3.12/site-packages/dsr_visualservoing
copying /home/deepet/Desktop/autofuel_system/doosan-robot2/build/dsr_visualservoing/build/lib/dsr_visualservoing/send_pose_servol_gz.py -> /home/deepet/Desktop/autofuel_system/doosan-robot2/install/dsr_visualservoing/lib/python3.12/site-packages/dsr_visualservoing
byte-compiling /home/deepet/Desktop/autofuel_system/doosan-robot2/install/dsr_visualservoing/lib/python3.12/site-packages/dsr_visualservoing/camera_publisher.py to camera_publisher.cpython-312.pyc
byte-compiling /home/deepet/Desktop/autofuel_system/doosan-robot2/install/dsr_visualservoing/lib/python3.12/site-packages/dsr_visualservoing/detect_marker_gz.py to detect_marker_gz.cpython-312.pyc
byte-compiling /home/deepet/Desktop/autofuel_system/doosan-robot2/install/dsr_visualservoing/lib/python3.12/site-packages/dsr_visualservoing/joint90.py to joint90.cpython-312.pyc
byte-compiling /home/deepet/Desktop/autofuel_system/doosan-robot2/install/dsr_visualservoing/lib/python3.12/site-packages/dsr_visualservoing/__init__.py to __init__.cpython-312.pyc
byte-compiling /home/deepet/Desktop/autofuel_system/doosan-robot2/install/dsr_visualservoing/lib/python3.12/site-packages/dsr_visualservoing/send_pose_servol_gz.py to send_pose_servol_gz.cpython-312.pyc
running install_data
creating /home/deepet/Desktop/autofuel_system/doosan-robot2/install/dsr_visualservoing/share/ament_index
creating /home/deepet/Desktop/autofuel_system/doosan-robot2/install/dsr_visualservoing/share/ament_index/resource_index
creating /home/deepet/Desktop/autofuel_system/doosan-robot2/install/dsr_visualservoing/share/ament_index/resource_index/packages
copying resource/dsr_visualservoing -> /home/deepet/Desktop/autofuel_system/doosan-robot2/install/dsr_visualservoing/share/ament_index/resource_index/packages
copying package.xml -> /home/deepet/Desktop/autofuel_system/doosan-robot2/install/dsr_visualservoing/share/dsr_visualservoing
creating /home/deepet/Desktop/autofuel_system/doosan-robot2/install/dsr_visualservoing/share/dsr_visualservoing/launch
copying launch/dsr_bringup2_visual_servoing_gazebo.launch.py -> /home/deepet/Desktop/autofuel_system/doosan-robot2/install/dsr_visualservoing/share/dsr_visualservoing/launch
copying launch/visual_servoing_gz.launch.py -> /home/deepet/Desktop/autofuel_system/doosan-robot2/install/dsr_visualservoing/share/dsr_visualservoing/launch
copying launch/camera_calibration.launch.py -> /home/deepet/Desktop/autofuel_system/doosan-robot2/install/dsr_visualservoing/share/dsr_visualservoing/launch
copying launch/dsr_gazebo_visual_servoing.launch.py -> /home/deepet/Desktop/autofuel_system/doosan-robot2/install/dsr_visualservoing/share/dsr_visualservoing/launch
copying launch/rgbd_camera.launch.py -> /home/deepet/Desktop/autofuel_system/doosan-robot2/install/dsr_visualservoing/share/dsr_visualservoing/launch
creating /home/deepet/Desktop/autofuel_system/doosan-robot2/install/dsr_visualservoing/share/dsr_visualservoing/config
copying config/real_camera.yaml -> /home/deepet/Desktop/autofuel_system/doosan-robot2/install/dsr_visualservoing/share/dsr_visualservoing/config
copying config/rgbd_camera_gz.yaml -> /home/deepet/Desktop/autofuel_system/doosan-robot2/install/dsr_visualservoing/share/dsr_visualservoing/config
creating /home/deepet/Desktop/autofuel_system/doosan-robot2/install/dsr_visualservoing/share/dsr_visualservoing/description
copying description/checker_board.sdf -> /home/deepet/Desktop/autofuel_system/doosan-robot2/install/dsr_visualservoing/share/dsr_visualservoing/description
copying description/markerbox3.sdf -> /home/deepet/Desktop/autofuel_system/doosan-robot2/install/dsr_visualservoing/share/dsr_visualservoing/description
copying description/markerbox2.sdf -> /home/deepet/Desktop/autofuel_system/doosan-robot2/install/dsr_visualservoing/share/dsr_visualservoing/description
copying description/markerbox1.sdf -> /home/deepet/Desktop/autofuel_system/doosan-robot2/install/dsr_visualservoing/share/dsr_visualservoing/description
copying description/camera_calibration.sdf -> /home/deepet/Desktop/autofuel_system/doosan-robot2/install/dsr_visualservoing/share/dsr_visualservoing/description
copying description/visual_servoing.sdf -> /home/deepet/Desktop/autofuel_system/doosan-robot2/install/dsr_visualservoing/share/dsr_visualservoing/description
creating /home/deepet/Desktop/autofuel_system/doosan-robot2/install/dsr_visualservoing/share/dsr_visualservoing/description/textures
copying description/textures/4x4_1000-2_115.png -> /home/deepet/Desktop/autofuel_system/doosan-robot2/install/dsr_visualservoing/share/dsr_visualservoing/description/textures
copying description/textures/4x4_1000-3_115.png -> /home/deepet/Desktop/autofuel_system/doosan-robot2/install/dsr_visualservoing/share/dsr_visualservoing/description/textures
copying description/textures/4x4_1000-0.png -> /home/deepet/Desktop/autofuel_system/doosan-robot2/install/dsr_visualservoing/share/dsr_visualservoing/description/textures
copying description/textures/4x4_1000-1_115.png -> /home/deepet/Desktop/autofuel_system/doosan-robot2/install/dsr_visualservoing/share/dsr_visualservoing/description/textures
running install_egg_info
Copying ../../build/dsr_visualservoing/dsr_visualservoing.egg-info to /home/deepet/Desktop/autofuel_system/doosan-robot2/install/dsr_visualservoing/lib/python3.12/site-packages/dsr_visualservoing-0.0.0-py3.12.egg-info
running install_scripts
Installing camera_publisher script to /home/deepet/Desktop/autofuel_system/doosan-robot2/install/dsr_visualservoing/lib/dsr_visualservoing
Installing detect_marker_gz script to /home/deepet/Desktop/autofuel_system/doosan-robot2/install/dsr_visualservoing/lib/dsr_visualservoing
Installing joint90 script to /home/deepet/Desktop/autofuel_system/doosan-robot2/install/dsr_visualservoing/lib/dsr_visualservoing
Installing send_pose_servol_gz script to /home/deepet/Desktop/autofuel_system/doosan-robot2/install/dsr_visualservoing/lib/dsr_visualservoing
writing list of installed files to '/home/deepet/Desktop/autofuel_system/doosan-robot2/build/dsr_visualservoing/install.log'
