[1.291s] Invoking command in '/home/deepet/Desktop/autofuel_system/doosan-robot2/dsr_example2/dsr_visualservoing': DEBUGINFOD_URLS=https://debuginfod.ubuntu.com PYTHONPATH=/home/deepet/Desktop/autofuel_system/doosan-robot2/build/dsr_visualservoing/prefix_override:/usr/lib/python3/dist-packages/colcon_core/task/python/colcon_distutils_commands:/home/deepet/Desktop/autofuel_system/doosan-robot2/install/dsr_visualservoing/lib/python3.12/site-packages:${PYTHONPATH} /usr/bin/python3 -W ignore:setup.py install is deprecated -W ignore:easy_install command is deprecated setup.py egg_info --egg-base ../../build/dsr_visualservoing build --build-base /home/deepet/Desktop/autofuel_system/doosan-robot2/build/dsr_visualservoing/build install --record /home/deepet/Desktop/autofuel_system/doosan-robot2/build/dsr_visualservoing/install.log --single-version-externally-managed install_data
[1.566s] running egg_info
[1.566s] creating ../../build/dsr_visualservoing/dsr_visualservoing.egg-info
[1.585s] writing ../../build/dsr_visualservoing/dsr_visualservoing.egg-info/PKG-INFO
[1.585s] writing dependency_links to ../../build/dsr_visualservoing/dsr_visualservoing.egg-info/dependency_links.txt
[1.585s] writing entry points to ../../build/dsr_visualservoing/dsr_visualservoing.egg-info/entry_points.txt
[1.586s] writing requirements to ../../build/dsr_visualservoing/dsr_visualservoing.egg-info/requires.txt
[1.586s] writing top-level names to ../../build/dsr_visualservoing/dsr_visualservoing.egg-info/top_level.txt
[1.586s] writing manifest file '../../build/dsr_visualservoing/dsr_visualservoing.egg-info/SOURCES.txt'
[1.623s] reading manifest file '../../build/dsr_visualservoing/dsr_visualservoing.egg-info/SOURCES.txt'
[1.624s] writing manifest file '../../build/dsr_visualservoing/dsr_visualservoing.egg-info/SOURCES.txt'
[1.624s] running build
[1.625s] running build_py
[1.625s] creating /home/deepet/Desktop/autofuel_system/doosan-robot2/build/dsr_visualservoing/build
[1.625s] creating /home/deepet/Desktop/autofuel_system/doosan-robot2/build/dsr_visualservoing/build/lib
[1.625s] creating /home/deepet/Desktop/autofuel_system/doosan-robot2/build/dsr_visualservoing/build/lib/dsr_visualservoing
[1.625s] copying dsr_visualservoing/camera_publisher.py -> /home/deepet/Desktop/autofuel_system/doosan-robot2/build/dsr_visualservoing/build/lib/dsr_visualservoing
[1.625s] copying dsr_visualservoing/detect_marker_gz.py -> /home/deepet/Desktop/autofuel_system/doosan-robot2/build/dsr_visualservoing/build/lib/dsr_visualservoing
[1.625s] copying dsr_visualservoing/joint90.py -> /home/deepet/Desktop/autofuel_system/doosan-robot2/build/dsr_visualservoing/build/lib/dsr_visualservoing
[1.625s] copying dsr_visualservoing/__init__.py -> /home/deepet/Desktop/autofuel_system/doosan-robot2/build/dsr_visualservoing/build/lib/dsr_visualservoing
[1.626s] copying dsr_visualservoing/send_pose_servol_gz.py -> /home/deepet/Desktop/autofuel_system/doosan-robot2/build/dsr_visualservoing/build/lib/dsr_visualservoing
[1.626s] running install
[1.633s] running install_lib
[1.653s] creating /home/deepet/Desktop/autofuel_system/doosan-robot2/install/dsr_visualservoing/lib/python3.12/site-packages/dsr_visualservoing
[1.654s] copying /home/deepet/Desktop/autofuel_system/doosan-robot2/build/dsr_visualservoing/build/lib/dsr_visualservoing/camera_publisher.py -> /home/deepet/Desktop/autofuel_system/doosan-robot2/install/dsr_visualservoing/lib/python3.12/site-packages/dsr_visualservoing
[1.654s] copying /home/deepet/Desktop/autofuel_system/doosan-robot2/build/dsr_visualservoing/build/lib/dsr_visualservoing/detect_marker_gz.py -> /home/deepet/Desktop/autofuel_system/doosan-robot2/install/dsr_visualservoing/lib/python3.12/site-packages/dsr_visualservoing
[1.654s] copying /home/deepet/Desktop/autofuel_system/doosan-robot2/build/dsr_visualservoing/build/lib/dsr_visualservoing/joint90.py -> /home/deepet/Desktop/autofuel_system/doosan-robot2/install/dsr_visualservoing/lib/python3.12/site-packages/dsr_visualservoing
[1.654s] copying /home/deepet/Desktop/autofuel_system/doosan-robot2/build/dsr_visualservoing/build/lib/dsr_visualservoing/__init__.py -> /home/deepet/Desktop/autofuel_system/doosan-robot2/install/dsr_visualservoing/lib/python3.12/site-packages/dsr_visualservoing
[1.654s] copying /home/deepet/Desktop/autofuel_system/doosan-robot2/build/dsr_visualservoing/build/lib/dsr_visualservoing/send_pose_servol_gz.py -> /home/deepet/Desktop/autofuel_system/doosan-robot2/install/dsr_visualservoing/lib/python3.12/site-packages/dsr_visualservoing
[1.654s] byte-compiling /home/deepet/Desktop/autofuel_system/doosan-robot2/install/dsr_visualservoing/lib/python3.12/site-packages/dsr_visualservoing/camera_publisher.py to camera_publisher.cpython-312.pyc
[1.655s] byte-compiling /home/deepet/Desktop/autofuel_system/doosan-robot2/install/dsr_visualservoing/lib/python3.12/site-packages/dsr_visualservoing/detect_marker_gz.py to detect_marker_gz.cpython-312.pyc
[1.658s] byte-compiling /home/deepet/Desktop/autofuel_system/doosan-robot2/install/dsr_visualservoing/lib/python3.12/site-packages/dsr_visualservoing/joint90.py to joint90.cpython-312.pyc
[1.658s] byte-compiling /home/deepet/Desktop/autofuel_system/doosan-robot2/install/dsr_visualservoing/lib/python3.12/site-packages/dsr_visualservoing/__init__.py to __init__.cpython-312.pyc
[1.659s] byte-compiling /home/deepet/Desktop/autofuel_system/doosan-robot2/install/dsr_visualservoing/lib/python3.12/site-packages/dsr_visualservoing/send_pose_servol_gz.py to send_pose_servol_gz.cpython-312.pyc
[1.659s] running install_data
[1.660s] creating /home/deepet/Desktop/autofuel_system/doosan-robot2/install/dsr_visualservoing/share/ament_index
[1.660s] creating /home/deepet/Desktop/autofuel_system/doosan-robot2/install/dsr_visualservoing/share/ament_index/resource_index
[1.660s] creating /home/deepet/Desktop/autofuel_system/doosan-robot2/install/dsr_visualservoing/share/ament_index/resource_index/packages
[1.660s] copying resource/dsr_visualservoing -> /home/deepet/Desktop/autofuel_system/doosan-robot2/install/dsr_visualservoing/share/ament_index/resource_index/packages
[1.660s] copying package.xml -> /home/deepet/Desktop/autofuel_system/doosan-robot2/install/dsr_visualservoing/share/dsr_visualservoing
[1.661s] creating /home/deepet/Desktop/autofuel_system/doosan-robot2/install/dsr_visualservoing/share/dsr_visualservoing/launch
[1.661s] copying launch/dsr_bringup2_visual_servoing_gazebo.launch.py -> /home/deepet/Desktop/autofuel_system/doosan-robot2/install/dsr_visualservoing/share/dsr_visualservoing/launch
[1.661s] copying launch/visual_servoing_gz.launch.py -> /home/deepet/Desktop/autofuel_system/doosan-robot2/install/dsr_visualservoing/share/dsr_visualservoing/launch
[1.661s] copying launch/camera_calibration.launch.py -> /home/deepet/Desktop/autofuel_system/doosan-robot2/install/dsr_visualservoing/share/dsr_visualservoing/launch
[1.661s] copying launch/dsr_gazebo_visual_servoing.launch.py -> /home/deepet/Desktop/autofuel_system/doosan-robot2/install/dsr_visualservoing/share/dsr_visualservoing/launch
[1.661s] copying launch/rgbd_camera.launch.py -> /home/deepet/Desktop/autofuel_system/doosan-robot2/install/dsr_visualservoing/share/dsr_visualservoing/launch
[1.662s] creating /home/deepet/Desktop/autofuel_system/doosan-robot2/install/dsr_visualservoing/share/dsr_visualservoing/config
[1.662s] copying config/real_camera.yaml -> /home/deepet/Desktop/autofuel_system/doosan-robot2/install/dsr_visualservoing/share/dsr_visualservoing/config
[1.662s] copying config/rgbd_camera_gz.yaml -> /home/deepet/Desktop/autofuel_system/doosan-robot2/install/dsr_visualservoing/share/dsr_visualservoing/config
[1.662s] creating /home/deepet/Desktop/autofuel_system/doosan-robot2/install/dsr_visualservoing/share/dsr_visualservoing/description
[1.662s] copying description/checker_board.sdf -> /home/deepet/Desktop/autofuel_system/doosan-robot2/install/dsr_visualservoing/share/dsr_visualservoing/description
[1.662s] copying description/markerbox3.sdf -> /home/deepet/Desktop/autofuel_system/doosan-robot2/install/dsr_visualservoing/share/dsr_visualservoing/description
[1.662s] copying description/markerbox2.sdf -> /home/deepet/Desktop/autofuel_system/doosan-robot2/install/dsr_visualservoing/share/dsr_visualservoing/description
[1.662s] copying description/markerbox1.sdf -> /home/deepet/Desktop/autofuel_system/doosan-robot2/install/dsr_visualservoing/share/dsr_visualservoing/description
[1.662s] copying description/camera_calibration.sdf -> /home/deepet/Desktop/autofuel_system/doosan-robot2/install/dsr_visualservoing/share/dsr_visualservoing/description
[1.663s] copying description/visual_servoing.sdf -> /home/deepet/Desktop/autofuel_system/doosan-robot2/install/dsr_visualservoing/share/dsr_visualservoing/description
[1.663s] creating /home/deepet/Desktop/autofuel_system/doosan-robot2/install/dsr_visualservoing/share/dsr_visualservoing/description/textures
[1.663s] copying description/textures/4x4_1000-2_115.png -> /home/deepet/Desktop/autofuel_system/doosan-robot2/install/dsr_visualservoing/share/dsr_visualservoing/description/textures
[1.663s] copying description/textures/4x4_1000-3_115.png -> /home/deepet/Desktop/autofuel_system/doosan-robot2/install/dsr_visualservoing/share/dsr_visualservoing/description/textures
[1.663s] copying description/textures/4x4_1000-0.png -> /home/deepet/Desktop/autofuel_system/doosan-robot2/install/dsr_visualservoing/share/dsr_visualservoing/description/textures
[1.663s] copying description/textures/4x4_1000-1_115.png -> /home/deepet/Desktop/autofuel_system/doosan-robot2/install/dsr_visualservoing/share/dsr_visualservoing/description/textures
[1.663s] running install_egg_info
[1.683s] Copying ../../build/dsr_visualservoing/dsr_visualservoing.egg-info to /home/deepet/Desktop/autofuel_system/doosan-robot2/install/dsr_visualservoing/lib/python3.12/site-packages/dsr_visualservoing-0.0.0-py3.12.egg-info
[1.683s] running install_scripts
[1.818s] Installing camera_publisher script to /home/deepet/Desktop/autofuel_system/doosan-robot2/install/dsr_visualservoing/lib/dsr_visualservoing
[1.818s] Installing detect_marker_gz script to /home/deepet/Desktop/autofuel_system/doosan-robot2/install/dsr_visualservoing/lib/dsr_visualservoing
[1.818s] Installing joint90 script to /home/deepet/Desktop/autofuel_system/doosan-robot2/install/dsr_visualservoing/lib/dsr_visualservoing
[1.818s] Installing send_pose_servol_gz script to /home/deepet/Desktop/autofuel_system/doosan-robot2/install/dsr_visualservoing/lib/dsr_visualservoing
[1.818s] writing list of installed files to '/home/deepet/Desktop/autofuel_system/doosan-robot2/build/dsr_visualservoing/install.log'
[1.850s] Invoked command in '/home/deepet/Desktop/autofuel_system/doosan-robot2/dsr_example2/dsr_visualservoing' returned '0': DEBUGINFOD_URLS=https://debuginfod.ubuntu.com PYTHONPATH=/home/deepet/Desktop/autofuel_system/doosan-robot2/build/dsr_visualservoing/prefix_override:/usr/lib/python3/dist-packages/colcon_core/task/python/colcon_distutils_commands:/home/deepet/Desktop/autofuel_system/doosan-robot2/install/dsr_visualservoing/lib/python3.12/site-packages:${PYTHONPATH} /usr/bin/python3 -W ignore:setup.py install is deprecated -W ignore:easy_install command is deprecated setup.py egg_info --egg-base ../../build/dsr_visualservoing build --build-base /home/deepet/Desktop/autofuel_system/doosan-robot2/build/dsr_visualservoing/build install --record /home/deepet/Desktop/autofuel_system/doosan-robot2/build/dsr_visualservoing/install.log --single-version-externally-managed install_data
