[0.055s] Invoking command in '/home/deepet/Desktop/autofuel_system/doosan-robot2/build/dsr_moveit_config_m1509': CMAKE_PREFIX_PATH=${CMAKE_PREFIX_PATH}:/opt/ros/jazzy DEBUGINFOD_URLS=https://debuginfod.ubuntu.com /usr/bin/cmake /home/deepet/Desktop/autofuel_system/doosan-robot2/dsr_moveit2/dsr_moveit_config_m1509 -DCMAKE_INSTALL_PREFIX=/home/deepet/Desktop/autofuel_system/doosan-robot2/install/dsr_moveit_config_m1509
[0.126s] -- The C compiler identification is GNU 11.5.0
[0.209s] -- The CXX compiler identification is GNU 11.5.0
[0.230s] -- Detecting C compiler ABI info
[0.355s] -- Detecting C compiler ABI info - done
[0.374s] -- Check for working C compiler: /usr/bin/cc - skipped
[0.375s] -- Detecting C compile features
[0.375s] -- Detecting C compile features - done
[0.383s] -- Detecting CXX compiler ABI info
[0.531s] -- Detecting CXX compiler ABI info - done
[0.551s] -- Check for working CXX compiler: /usr/bin/c++ - skipped
[0.551s] -- Detecting CXX compile features
[0.552s] -- Detecting CXX compile features - done
[0.559s] -- Found ament_cmake: 2.5.4 (/opt/ros/jazzy/share/ament_cmake/cmake)
[0.795s] -- Found Python3: /usr/bin/python3 (found version "3.12.3") found components: Interpreter 
[1.135s] -- Configuring done (1.0s)
[1.136s] -- Generating done (0.0s)
[1.136s] -- Build files have been written to: /home/deepet/Desktop/autofuel_system/doosan-robot2/build/dsr_moveit_config_m1509
[1.190s] Invoked command in '/home/deepet/Desktop/autofuel_system/doosan-robot2/build/dsr_moveit_config_m1509' returned '0': CMAKE_PREFIX_PATH=${CMAKE_PREFIX_PATH}:/opt/ros/jazzy DEBUGINFOD_URLS=https://debuginfod.ubuntu.com /usr/bin/cmake /home/deepet/Desktop/autofuel_system/doosan-robot2/dsr_moveit2/dsr_moveit_config_m1509 -DCMAKE_INSTALL_PREFIX=/home/deepet/Desktop/autofuel_system/doosan-robot2/install/dsr_moveit_config_m1509
[1.192s] Invoking command in '/home/deepet/Desktop/autofuel_system/doosan-robot2/build/dsr_moveit_config_m1509': CMAKE_PREFIX_PATH=${CMAKE_PREFIX_PATH}:/opt/ros/jazzy DEBUGINFOD_URLS=https://debuginfod.ubuntu.com /usr/bin/cmake --build /home/deepet/Desktop/autofuel_system/doosan-robot2/build/dsr_moveit_config_m1509 -- -j32 -l32
[1.321s] Invoked command in '/home/deepet/Desktop/autofuel_system/doosan-robot2/build/dsr_moveit_config_m1509' returned '0': CMAKE_PREFIX_PATH=${CMAKE_PREFIX_PATH}:/opt/ros/jazzy DEBUGINFOD_URLS=https://debuginfod.ubuntu.com /usr/bin/cmake --build /home/deepet/Desktop/autofuel_system/doosan-robot2/build/dsr_moveit_config_m1509 -- -j32 -l32
[1.327s] Invoking command in '/home/deepet/Desktop/autofuel_system/doosan-robot2/build/dsr_moveit_config_m1509': CMAKE_PREFIX_PATH=${CMAKE_PREFIX_PATH}:/opt/ros/jazzy DEBUGINFOD_URLS=https://debuginfod.ubuntu.com /usr/bin/cmake --install /home/deepet/Desktop/autofuel_system/doosan-robot2/build/dsr_moveit_config_m1509
[1.336s] -- Install configuration: ""
[1.336s] -- Installing: /home/deepet/Desktop/autofuel_system/doosan-robot2/install/dsr_moveit_config_m1509/share/ament_index/resource_index/package_run_dependencies/dsr_moveit_config_m1509
[1.341s] -- Installing: /home/deepet/Desktop/autofuel_system/doosan-robot2/install/dsr_moveit_config_m1509/share/ament_index/resource_index/parent_prefix_path/dsr_moveit_config_m1509
[1.342s] -- Installing: /home/deepet/Desktop/autofuel_system/doosan-robot2/install/dsr_moveit_config_m1509/share/dsr_moveit_config_m1509/environment/ament_prefix_path.sh
[1.342s] -- Installing: /home/deepet/Desktop/autofuel_system/doosan-robot2/install/dsr_moveit_config_m1509/share/dsr_moveit_config_m1509/environment/ament_prefix_path.dsv
[1.342s] -- Installing: /home/deepet/Desktop/autofuel_system/doosan-robot2/install/dsr_moveit_config_m1509/share/dsr_moveit_config_m1509/environment/path.sh
[1.343s] -- Installing: /home/deepet/Desktop/autofuel_system/doosan-robot2/install/dsr_moveit_config_m1509/share/dsr_moveit_config_m1509/environment/path.dsv
[1.343s] -- Installing: /home/deepet/Desktop/autofuel_system/doosan-robot2/install/dsr_moveit_config_m1509/share/dsr_moveit_config_m1509/local_setup.bash
[1.343s] -- Installing: /home/deepet/Desktop/autofuel_system/doosan-robot2/install/dsr_moveit_config_m1509/share/dsr_moveit_config_m1509/local_setup.sh
[1.343s] -- Installing: /home/deepet/Desktop/autofuel_system/doosan-robot2/install/dsr_moveit_config_m1509/share/dsr_moveit_config_m1509/local_setup.zsh
[1.343s] -- Installing: /home/deepet/Desktop/autofuel_system/doosan-robot2/install/dsr_moveit_config_m1509/share/dsr_moveit_config_m1509/local_setup.dsv
[1.343s] -- Installing: /home/deepet/Desktop/autofuel_system/doosan-robot2/install/dsr_moveit_config_m1509/share/dsr_moveit_config_m1509/package.dsv
[1.343s] -- Installing: /home/deepet/Desktop/autofuel_system/doosan-robot2/install/dsr_moveit_config_m1509/share/ament_index/resource_index/packages/dsr_moveit_config_m1509
[1.343s] -- Installing: /home/deepet/Desktop/autofuel_system/doosan-robot2/install/dsr_moveit_config_m1509/share/dsr_moveit_config_m1509/cmake/dsr_moveit_config_m1509Config.cmake
[1.343s] -- Installing: /home/deepet/Desktop/autofuel_system/doosan-robot2/install/dsr_moveit_config_m1509/share/dsr_moveit_config_m1509/cmake/dsr_moveit_config_m1509Config-version.cmake
[1.343s] -- Installing: /home/deepet/Desktop/autofuel_system/doosan-robot2/install/dsr_moveit_config_m1509/share/dsr_moveit_config_m1509/package.xml
[1.343s] -- Installing: /home/deepet/Desktop/autofuel_system/doosan-robot2/install/dsr_moveit_config_m1509/share/dsr_moveit_config_m1509/launch
[1.343s] -- Installing: /home/deepet/Desktop/autofuel_system/doosan-robot2/install/dsr_moveit_config_m1509/share/dsr_moveit_config_m1509/launch/moveit.rviz
[1.344s] -- Installing: /home/deepet/Desktop/autofuel_system/doosan-robot2/install/dsr_moveit_config_m1509/share/dsr_moveit_config_m1509/launch/demo.launch.py
[1.344s] -- Installing: /home/deepet/Desktop/autofuel_system/doosan-robot2/install/dsr_moveit_config_m1509/share/dsr_moveit_config_m1509/launch/start.launch.py
[1.344s] -- Installing: /home/deepet/Desktop/autofuel_system/doosan-robot2/install/dsr_moveit_config_m1509/share/dsr_moveit_config_m1509/config
[1.344s] -- Installing: /home/deepet/Desktop/autofuel_system/doosan-robot2/install/dsr_moveit_config_m1509/share/dsr_moveit_config_m1509/config/joint_limits.yaml
[1.344s] -- Installing: /home/deepet/Desktop/autofuel_system/doosan-robot2/install/dsr_moveit_config_m1509/share/dsr_moveit_config_m1509/config/dsr.ros2_control.xacro
[1.344s] -- Installing: /home/deepet/Desktop/autofuel_system/doosan-robot2/install/dsr_moveit_config_m1509/share/dsr_moveit_config_m1509/config/moveit_controllers.yaml
[1.344s] -- Installing: /home/deepet/Desktop/autofuel_system/doosan-robot2/install/dsr_moveit_config_m1509/share/dsr_moveit_config_m1509/config/pilz_cartesian_limits.yaml
[1.344s] -- Installing: /home/deepet/Desktop/autofuel_system/doosan-robot2/install/dsr_moveit_config_m1509/share/dsr_moveit_config_m1509/config/dsr.srdf
[1.344s] -- Installing: /home/deepet/Desktop/autofuel_system/doosan-robot2/install/dsr_moveit_config_m1509/share/dsr_moveit_config_m1509/config/ros2_controllers.yaml
[1.345s] -- Installing: /home/deepet/Desktop/autofuel_system/doosan-robot2/install/dsr_moveit_config_m1509/share/dsr_moveit_config_m1509/config/chomp_planning.yaml
[1.345s] -- Installing: /home/deepet/Desktop/autofuel_system/doosan-robot2/install/dsr_moveit_config_m1509/share/dsr_moveit_config_m1509/config/initial_positions.yaml
[1.345s] -- Installing: /home/deepet/Desktop/autofuel_system/doosan-robot2/install/dsr_moveit_config_m1509/share/dsr_moveit_config_m1509/config/ompl_planning.yaml
[1.345s] -- Installing: /home/deepet/Desktop/autofuel_system/doosan-robot2/install/dsr_moveit_config_m1509/share/dsr_moveit_config_m1509/config/sensors_3d.yaml
[1.345s] -- Installing: /home/deepet/Desktop/autofuel_system/doosan-robot2/install/dsr_moveit_config_m1509/share/dsr_moveit_config_m1509/config/kinematics.yaml
[1.345s] -- Installing: /home/deepet/Desktop/autofuel_system/doosan-robot2/install/dsr_moveit_config_m1509/share/dsr_moveit_config_m1509/config/m1509.urdf.xacro
[1.345s] -- Installing: /home/deepet/Desktop/autofuel_system/doosan-robot2/install/dsr_moveit_config_m1509/share/dsr_moveit_config_m1509/.setup_assistant
[1.362s] Invoked command in '/home/deepet/Desktop/autofuel_system/doosan-robot2/build/dsr_moveit_config_m1509' returned '0': CMAKE_PREFIX_PATH=${CMAKE_PREFIX_PATH}:/opt/ros/jazzy DEBUGINFOD_URLS=https://debuginfod.ubuntu.com /usr/bin/cmake --install /home/deepet/Desktop/autofuel_system/doosan-robot2/build/dsr_moveit_config_m1509
