[0.054s] Invoking command in '/home/deepet/Desktop/autofuel_system/doosan-robot2/build/dsr_moveit_config_p3020': CMAKE_PREFIX_PATH=${CMAKE_PREFIX_PATH}:/opt/ros/jazzy DEBUGINFOD_URLS=https://debuginfod.ubuntu.com /usr/bin/cmake /home/deepet/Desktop/autofuel_system/doosan-robot2/dsr_moveit2/dsr_moveit_config_p3020 -DCMAKE_INSTALL_PREFIX=/home/deepet/Desktop/autofuel_system/doosan-robot2/install/dsr_moveit_config_p3020
[0.130s] -- The C compiler identification is GNU 11.5.0
[0.208s] -- The CXX compiler identification is GNU 11.5.0
[0.229s] -- Detecting C compiler ABI info
[0.337s] -- Detecting C compiler ABI info - done
[0.351s] -- Check for working C compiler: /usr/bin/cc - skipped
[0.351s] -- Detecting C compile features
[0.352s] -- Detecting C compile features - done
[0.365s] -- Detecting CXX compiler ABI info
[0.496s] -- Detecting CXX compiler ABI info - done
[0.515s] -- Check for working CXX compiler: /usr/bin/c++ - skipped
[0.516s] -- Detecting CXX compile features
[0.517s] -- Detecting CXX compile features - done
[0.523s] -- Found ament_cmake: 2.5.4 (/opt/ros/jazzy/share/ament_cmake/cmake)
[0.782s] -- Found Python3: /usr/bin/python3 (found version "3.12.3") found components: Interpreter 
[1.133s] -- Configuring done (1.1s)
[1.134s] -- Generating done (0.0s)
[1.134s] -- Build files have been written to: /home/deepet/Desktop/autofuel_system/doosan-robot2/build/dsr_moveit_config_p3020
[1.190s] Invoked command in '/home/deepet/Desktop/autofuel_system/doosan-robot2/build/dsr_moveit_config_p3020' returned '0': CMAKE_PREFIX_PATH=${CMAKE_PREFIX_PATH}:/opt/ros/jazzy DEBUGINFOD_URLS=https://debuginfod.ubuntu.com /usr/bin/cmake /home/deepet/Desktop/autofuel_system/doosan-robot2/dsr_moveit2/dsr_moveit_config_p3020 -DCMAKE_INSTALL_PREFIX=/home/deepet/Desktop/autofuel_system/doosan-robot2/install/dsr_moveit_config_p3020
[1.194s] Invoking command in '/home/deepet/Desktop/autofuel_system/doosan-robot2/build/dsr_moveit_config_p3020': CMAKE_PREFIX_PATH=${CMAKE_PREFIX_PATH}:/opt/ros/jazzy DEBUGINFOD_URLS=https://debuginfod.ubuntu.com /usr/bin/cmake --build /home/deepet/Desktop/autofuel_system/doosan-robot2/build/dsr_moveit_config_p3020 -- -j32 -l32
[1.329s] Invoked command in '/home/deepet/Desktop/autofuel_system/doosan-robot2/build/dsr_moveit_config_p3020' returned '0': CMAKE_PREFIX_PATH=${CMAKE_PREFIX_PATH}:/opt/ros/jazzy DEBUGINFOD_URLS=https://debuginfod.ubuntu.com /usr/bin/cmake --build /home/deepet/Desktop/autofuel_system/doosan-robot2/build/dsr_moveit_config_p3020 -- -j32 -l32
[1.342s] Invoking command in '/home/deepet/Desktop/autofuel_system/doosan-robot2/build/dsr_moveit_config_p3020': CMAKE_PREFIX_PATH=${CMAKE_PREFIX_PATH}:/opt/ros/jazzy DEBUGINFOD_URLS=https://debuginfod.ubuntu.com /usr/bin/cmake --install /home/deepet/Desktop/autofuel_system/doosan-robot2/build/dsr_moveit_config_p3020
[1.348s] -- Install configuration: ""
[1.348s] -- Installing: /home/deepet/Desktop/autofuel_system/doosan-robot2/install/dsr_moveit_config_p3020/share/ament_index/resource_index/package_run_dependencies/dsr_moveit_config_p3020
[1.348s] -- Installing: /home/deepet/Desktop/autofuel_system/doosan-robot2/install/dsr_moveit_config_p3020/share/ament_index/resource_index/parent_prefix_path/dsr_moveit_config_p3020
[1.348s] -- Installing: /home/deepet/Desktop/autofuel_system/doosan-robot2/install/dsr_moveit_config_p3020/share/dsr_moveit_config_p3020/environment/ament_prefix_path.sh
[1.348s] -- Installing: /home/deepet/Desktop/autofuel_system/doosan-robot2/install/dsr_moveit_config_p3020/share/dsr_moveit_config_p3020/environment/ament_prefix_path.dsv
[1.349s] -- Installing: /home/deepet/Desktop/autofuel_system/doosan-robot2/install/dsr_moveit_config_p3020/share/dsr_moveit_config_p3020/environment/path.sh
[1.349s] -- Installing: /home/deepet/Desktop/autofuel_system/doosan-robot2/install/dsr_moveit_config_p3020/share/dsr_moveit_config_p3020/environment/path.dsv
[1.349s] -- Installing: /home/deepet/Desktop/autofuel_system/doosan-robot2/install/dsr_moveit_config_p3020/share/dsr_moveit_config_p3020/local_setup.bash
[1.349s] -- Installing: /home/deepet/Desktop/autofuel_system/doosan-robot2/install/dsr_moveit_config_p3020/share/dsr_moveit_config_p3020/local_setup.sh
[1.349s] -- Installing: /home/deepet/Desktop/autofuel_system/doosan-robot2/install/dsr_moveit_config_p3020/share/dsr_moveit_config_p3020/local_setup.zsh
[1.349s] -- Installing: /home/deepet/Desktop/autofuel_system/doosan-robot2/install/dsr_moveit_config_p3020/share/dsr_moveit_config_p3020/local_setup.dsv
[1.349s] -- Installing: /home/deepet/Desktop/autofuel_system/doosan-robot2/install/dsr_moveit_config_p3020/share/dsr_moveit_config_p3020/package.dsv
[1.349s] -- Installing: /home/deepet/Desktop/autofuel_system/doosan-robot2/install/dsr_moveit_config_p3020/share/ament_index/resource_index/packages/dsr_moveit_config_p3020
[1.349s] -- Installing: /home/deepet/Desktop/autofuel_system/doosan-robot2/install/dsr_moveit_config_p3020/share/dsr_moveit_config_p3020/cmake/dsr_moveit_config_p3020Config.cmake
[1.349s] -- Installing: /home/deepet/Desktop/autofuel_system/doosan-robot2/install/dsr_moveit_config_p3020/share/dsr_moveit_config_p3020/cmake/dsr_moveit_config_p3020Config-version.cmake
[1.349s] -- Installing: /home/deepet/Desktop/autofuel_system/doosan-robot2/install/dsr_moveit_config_p3020/share/dsr_moveit_config_p3020/package.xml
[1.349s] -- Installing: /home/deepet/Desktop/autofuel_system/doosan-robot2/install/dsr_moveit_config_p3020/share/dsr_moveit_config_p3020/launch
[1.349s] -- Installing: /home/deepet/Desktop/autofuel_system/doosan-robot2/install/dsr_moveit_config_p3020/share/dsr_moveit_config_p3020/launch/moveit.rviz
[1.350s] -- Installing: /home/deepet/Desktop/autofuel_system/doosan-robot2/install/dsr_moveit_config_p3020/share/dsr_moveit_config_p3020/launch/start.launch.py
[1.350s] -- Installing: /home/deepet/Desktop/autofuel_system/doosan-robot2/install/dsr_moveit_config_p3020/share/dsr_moveit_config_p3020/config
[1.350s] -- Installing: /home/deepet/Desktop/autofuel_system/doosan-robot2/install/dsr_moveit_config_p3020/share/dsr_moveit_config_p3020/config/joint_limits.yaml
[1.350s] -- Installing: /home/deepet/Desktop/autofuel_system/doosan-robot2/install/dsr_moveit_config_p3020/share/dsr_moveit_config_p3020/config/dsr.ros2_control.xacro
[1.350s] -- Installing: /home/deepet/Desktop/autofuel_system/doosan-robot2/install/dsr_moveit_config_p3020/share/dsr_moveit_config_p3020/config/moveit_controllers.yaml
[1.350s] -- Installing: /home/deepet/Desktop/autofuel_system/doosan-robot2/install/dsr_moveit_config_p3020/share/dsr_moveit_config_p3020/config/pilz_cartesian_limits.yaml
[1.350s] -- Installing: /home/deepet/Desktop/autofuel_system/doosan-robot2/install/dsr_moveit_config_p3020/share/dsr_moveit_config_p3020/config/dsr.srdf
[1.350s] -- Installing: /home/deepet/Desktop/autofuel_system/doosan-robot2/install/dsr_moveit_config_p3020/share/dsr_moveit_config_p3020/config/ros2_controllers.yaml
[1.350s] -- Installing: /home/deepet/Desktop/autofuel_system/doosan-robot2/install/dsr_moveit_config_p3020/share/dsr_moveit_config_p3020/config/chomp_planning.yaml
[1.351s] -- Installing: /home/deepet/Desktop/autofuel_system/doosan-robot2/install/dsr_moveit_config_p3020/share/dsr_moveit_config_p3020/config/initial_positions.yaml
[1.351s] -- Installing: /home/deepet/Desktop/autofuel_system/doosan-robot2/install/dsr_moveit_config_p3020/share/dsr_moveit_config_p3020/config/ompl_planning.yaml
[1.351s] -- Installing: /home/deepet/Desktop/autofuel_system/doosan-robot2/install/dsr_moveit_config_p3020/share/dsr_moveit_config_p3020/config/p3020.urdf.xacro
[1.351s] -- Installing: /home/deepet/Desktop/autofuel_system/doosan-robot2/install/dsr_moveit_config_p3020/share/dsr_moveit_config_p3020/config/sensors_3d.yaml
[1.351s] -- Installing: /home/deepet/Desktop/autofuel_system/doosan-robot2/install/dsr_moveit_config_p3020/share/dsr_moveit_config_p3020/config/kinematics.yaml
[1.351s] -- Installing: /home/deepet/Desktop/autofuel_system/doosan-robot2/install/dsr_moveit_config_p3020/share/dsr_moveit_config_p3020/.setup_assistant
[1.399s] Invoked command in '/home/deepet/Desktop/autofuel_system/doosan-robot2/build/dsr_moveit_config_p3020' returned '0': CMAKE_PREFIX_PATH=${CMAKE_PREFIX_PATH}:/opt/ros/jazzy DEBUGINFOD_URLS=https://debuginfod.ubuntu.com /usr/bin/cmake --install /home/deepet/Desktop/autofuel_system/doosan-robot2/build/dsr_moveit_config_p3020
