/home/deepet/Desktop/autofuel_system/doosan-robot2/install/dsr_visualservoing/lib/python3.12/site-packages/dsr_visualservoing/camera_publisher.py
/home/deepet/Desktop/autofuel_system/doosan-robot2/install/dsr_visualservoing/lib/python3.12/site-packages/dsr_visualservoing/detect_marker_gz.py
/home/deepet/Desktop/autofuel_system/doosan-robot2/install/dsr_visualservoing/lib/python3.12/site-packages/dsr_visualservoing/joint90.py
/home/deepet/Desktop/autofuel_system/doosan-robot2/install/dsr_visualservoing/lib/python3.12/site-packages/dsr_visualservoing/__init__.py
/home/deepet/Desktop/autofuel_system/doosan-robot2/install/dsr_visualservoing/lib/python3.12/site-packages/dsr_visualservoing/send_pose_servol_gz.py
/home/deepet/Desktop/autofuel_system/doosan-robot2/install/dsr_visualservoing/lib/python3.12/site-packages/dsr_visualservoing/__pycache__/camera_publisher.cpython-312.pyc
/home/deepet/Desktop/autofuel_system/doosan-robot2/install/dsr_visualservoing/lib/python3.12/site-packages/dsr_visualservoing/__pycache__/detect_marker_gz.cpython-312.pyc
/home/deepet/Desktop/autofuel_system/doosan-robot2/install/dsr_visualservoing/lib/python3.12/site-packages/dsr_visualservoing/__pycache__/joint90.cpython-312.pyc
/home/deepet/Desktop/autofuel_system/doosan-robot2/install/dsr_visualservoing/lib/python3.12/site-packages/dsr_visualservoing/__pycache__/__init__.cpython-312.pyc
/home/deepet/Desktop/autofuel_system/doosan-robot2/install/dsr_visualservoing/lib/python3.12/site-packages/dsr_visualservoing/__pycache__/send_pose_servol_gz.cpython-312.pyc
/home/deepet/Desktop/autofuel_system/doosan-robot2/install/dsr_visualservoing/share/ament_index/resource_index/packages/dsr_visualservoing
/home/deepet/Desktop/autofuel_system/doosan-robot2/install/dsr_visualservoing/share/dsr_visualservoing/package.xml
/home/deepet/Desktop/autofuel_system/doosan-robot2/install/dsr_visualservoing/share/dsr_visualservoing/launch/dsr_bringup2_visual_servoing_gazebo.launch.py
/home/deepet/Desktop/autofuel_system/doosan-robot2/install/dsr_visualservoing/share/dsr_visualservoing/launch/visual_servoing_gz.launch.py
/home/deepet/Desktop/autofuel_system/doosan-robot2/install/dsr_visualservoing/share/dsr_visualservoing/launch/camera_calibration.launch.py
/home/deepet/Desktop/autofuel_system/doosan-robot2/install/dsr_visualservoing/share/dsr_visualservoing/launch/dsr_gazebo_visual_servoing.launch.py
/home/deepet/Desktop/autofuel_system/doosan-robot2/install/dsr_visualservoing/share/dsr_visualservoing/launch/rgbd_camera.launch.py
/home/deepet/Desktop/autofuel_system/doosan-robot2/install/dsr_visualservoing/share/dsr_visualservoing/config/real_camera.yaml
/home/deepet/Desktop/autofuel_system/doosan-robot2/install/dsr_visualservoing/share/dsr_visualservoing/config/rgbd_camera_gz.yaml
/home/deepet/Desktop/autofuel_system/doosan-robot2/install/dsr_visualservoing/share/dsr_visualservoing/description/checker_board.sdf
/home/deepet/Desktop/autofuel_system/doosan-robot2/install/dsr_visualservoing/share/dsr_visualservoing/description/markerbox3.sdf
/home/deepet/Desktop/autofuel_system/doosan-robot2/install/dsr_visualservoing/share/dsr_visualservoing/description/markerbox2.sdf
/home/deepet/Desktop/autofuel_system/doosan-robot2/install/dsr_visualservoing/share/dsr_visualservoing/description/markerbox1.sdf
/home/deepet/Desktop/autofuel_system/doosan-robot2/install/dsr_visualservoing/share/dsr_visualservoing/description/camera_calibration.sdf
/home/deepet/Desktop/autofuel_system/doosan-robot2/install/dsr_visualservoing/share/dsr_visualservoing/description/visual_servoing.sdf
/home/deepet/Desktop/autofuel_system/doosan-robot2/install/dsr_visualservoing/share/dsr_visualservoing/description/textures/4x4_1000-2_115.png
/home/deepet/Desktop/autofuel_system/doosan-robot2/install/dsr_visualservoing/share/dsr_visualservoing/description/textures/4x4_1000-3_115.png
/home/deepet/Desktop/autofuel_system/doosan-robot2/install/dsr_visualservoing/share/dsr_visualservoing/description/textures/4x4_1000-0.png
/home/deepet/Desktop/autofuel_system/doosan-robot2/install/dsr_visualservoing/share/dsr_visualservoing/description/textures/4x4_1000-1_115.png
/home/deepet/Desktop/autofuel_system/doosan-robot2/install/dsr_visualservoing/lib/python3.12/site-packages/dsr_visualservoing-0.0.0-py3.12.egg-info/dependency_links.txt
/home/deepet/Desktop/autofuel_system/doosan-robot2/install/dsr_visualservoing/lib/python3.12/site-packages/dsr_visualservoing-0.0.0-py3.12.egg-info/SOURCES.txt
/home/deepet/Desktop/autofuel_system/doosan-robot2/install/dsr_visualservoing/lib/python3.12/site-packages/dsr_visualservoing-0.0.0-py3.12.egg-info/PKG-INFO
/home/deepet/Desktop/autofuel_system/doosan-robot2/install/dsr_visualservoing/lib/python3.12/site-packages/dsr_visualservoing-0.0.0-py3.12.egg-info/top_level.txt
/home/deepet/Desktop/autofuel_system/doosan-robot2/install/dsr_visualservoing/lib/python3.12/site-packages/dsr_visualservoing-0.0.0-py3.12.egg-info/entry_points.txt
/home/deepet/Desktop/autofuel_system/doosan-robot2/install/dsr_visualservoing/lib/python3.12/site-packages/dsr_visualservoing-0.0.0-py3.12.egg-info/requires.txt
/home/deepet/Desktop/autofuel_system/doosan-robot2/install/dsr_visualservoing/lib/python3.12/site-packages/dsr_visualservoing-0.0.0-py3.12.egg-info/zip-safe
/home/deepet/Desktop/autofuel_system/doosan-robot2/install/dsr_visualservoing/lib/dsr_visualservoing/camera_publisher
/home/deepet/Desktop/autofuel_system/doosan-robot2/install/dsr_visualservoing/lib/dsr_visualservoing/detect_marker_gz
/home/deepet/Desktop/autofuel_system/doosan-robot2/install/dsr_visualservoing/lib/dsr_visualservoing/joint90
/home/deepet/Desktop/autofuel_system/doosan-robot2/install/dsr_visualservoing/lib/dsr_visualservoing/send_pose_servol_gz
