[0.055s] Invoking command in '/home/deepet/Desktop/autofuel_system/doosan-robot2/build/dsr_mujoco': CMAKE_PREFIX_PATH=${CMAKE_PREFIX_PATH}:/opt/ros/jazzy DEBUGINFOD_URLS=https://debuginfod.ubuntu.com /usr/bin/cmake /home/deepet/Desktop/autofuel_system/doosan-robot2/dsr_mujoco -DCMAKE_INSTALL_PREFIX=/home/deepet/Desktop/autofuel_system/doosan-robot2/install/dsr_mujoco
[0.131s] -- The C compiler identification is GNU 11.5.0
[0.215s] -- The CXX compiler identification is GNU 11.5.0
[0.238s] -- Detecting C compiler ABI info
[0.365s] -- Detecting C compiler ABI info - done
[0.380s] -- Check for working C compiler: /usr/bin/cc - skipped
[0.380s] -- Detecting C compile features
[0.381s] -- Detecting C compile features - done
[0.395s] -- Detecting CXX compiler ABI info
[0.528s] -- Detecting CXX compiler ABI info - done
[0.548s] -- Check for working CXX compiler: /usr/bin/c++ - skipped
[0.548s] -- Detecting CXX compile features
[0.549s] -- Detecting CXX compile features - done
[0.556s] -- Found ament_cmake: 2.5.4 (/opt/ros/jazzy/share/ament_cmake/cmake)
[0.787s] -- Found Python3: /usr/bin/python3 (found version "3.12.3") found components: Interpreter 
[0.989s] -- Found rclcpp: 28.1.12 (/opt/ros/jazzy/share/rclcpp/cmake)
[1.095s] -- Found rosidl_generator_c: 4.6.6 (/opt/ros/jazzy/share/rosidl_generator_c/cmake)
[1.129s] -- Found rosidl_generator_cpp: 4.6.6 (/opt/ros/jazzy/share/rosidl_generator_cpp/cmake)
[1.139s] -- Using all available rosidl_typesupport_c: rosidl_typesupport_fastrtps_c;rosidl_typesupport_introspection_c
[1.164s] -- Using all available rosidl_typesupport_cpp: rosidl_typesupport_fastrtps_cpp;rosidl_typesupport_introspection_cpp
[1.276s] -- Found rmw_implementation_cmake: 7.3.2 (/opt/ros/jazzy/share/rmw_implementation_cmake/cmake)
[1.285s] -- Found rmw_fastrtps_cpp: 8.4.3 (/opt/ros/jazzy/share/rmw_fastrtps_cpp/cmake)
[1.405s] -- Found OpenSSL: /usr/lib/x86_64-linux-gnu/libcrypto.so (found version "3.0.13")  
[1.435s] -- Found FastRTPS: /opt/ros/jazzy/include (Required is at least version "2.13") 
[1.468s] -- Using RMW implementation 'rmw_fastrtps_cpp' as default
[1.571s] -- Found rclcpp_action: 28.1.12 (/opt/ros/jazzy/share/rclcpp_action/cmake)
[1.635s] -- Found std_msgs: 5.3.6 (/opt/ros/jazzy/share/std_msgs/cmake)
[1.656s] -- Found control_msgs: 5.5.0 (/opt/ros/jazzy/share/control_msgs/cmake)
[2.042s] -- Configuring done (2.0s)
[2.048s] -- Generating done (0.0s)
[2.052s] -- Build files have been written to: /home/deepet/Desktop/autofuel_system/doosan-robot2/build/dsr_mujoco
[2.065s] Invoked command in '/home/deepet/Desktop/autofuel_system/doosan-robot2/build/dsr_mujoco' returned '0': CMAKE_PREFIX_PATH=${CMAKE_PREFIX_PATH}:/opt/ros/jazzy DEBUGINFOD_URLS=https://debuginfod.ubuntu.com /usr/bin/cmake /home/deepet/Desktop/autofuel_system/doosan-robot2/dsr_mujoco -DCMAKE_INSTALL_PREFIX=/home/deepet/Desktop/autofuel_system/doosan-robot2/install/dsr_mujoco
[2.066s] Invoking command in '/home/deepet/Desktop/autofuel_system/doosan-robot2/build/dsr_mujoco': CMAKE_PREFIX_PATH=${CMAKE_PREFIX_PATH}:/opt/ros/jazzy DEBUGINFOD_URLS=https://debuginfod.ubuntu.com /usr/bin/cmake --build /home/deepet/Desktop/autofuel_system/doosan-robot2/build/dsr_mujoco -- -j32 -l32
[2.153s] Built target ament_cmake_python_copy_dsr_mujoco
[2.391s] running egg_info
[2.392s] creating dsr_mujoco.egg-info
[2.411s] writing dsr_mujoco.egg-info/PKG-INFO
[2.411s] writing dependency_links to dsr_mujoco.egg-info/dependency_links.txt
[2.411s] writing top-level names to dsr_mujoco.egg-info/top_level.txt
[2.412s] writing manifest file 'dsr_mujoco.egg-info/SOURCES.txt'
[2.467s] reading manifest file 'dsr_mujoco.egg-info/SOURCES.txt'
[2.468s] writing manifest file 'dsr_mujoco.egg-info/SOURCES.txt'
[2.501s] Built target ament_cmake_python_build_dsr_mujoco_egg
