[0.070s] Invoking command in '/home/deepet/Desktop/autofuel_system/doosan-robot2/build/dsr_common2': CMAKE_PREFIX_PATH=${CMAKE_PREFIX_PATH}:/opt/ros/jazzy DEBUGINFOD_URLS=https://debuginfod.ubuntu.com /usr/bin/cmake /home/deepet/Desktop/autofuel_system/doosan-robot2/dsr_common2 -DCMAKE_INSTALL_PREFIX=/home/deepet/Desktop/autofuel_system/doosan-robot2/install/dsr_common2
[0.141s] -- The C compiler identification is GNU 11.5.0
[0.214s] -- The CXX compiler identification is GNU 11.5.0
[0.238s] -- Detecting C compiler ABI info
[0.360s] -- Detecting C compiler ABI info - done
[0.379s] -- Check for working C compiler: /usr/bin/cc - skipped
[0.380s] -- Detecting C compile features
[0.381s] -- Detecting C compile features - done
[0.396s] -- Detecting CXX compiler ABI info
[0.538s] -- Detecting CXX compiler ABI info - done
[0.558s] -- Check for working CXX compiler: /usr/bin/c++ - skipped
[0.558s] -- Detecting CXX compile features
[0.559s] -- Detecting CXX compile features - done
[0.566s] -- Found ament_cmake: 2.5.4 (/opt/ros/jazzy/share/ament_cmake/cmake)
[0.812s] -- Found Python3: /usr/bin/python3 (found version "3.12.3") found components: Interpreter 
[1.347s] -- Configuring done (1.3s)
[1.350s] -- Generating done (0.0s)
[1.350s] -- Build files have been written to: /home/deepet/Desktop/autofuel_system/doosan-robot2/build/dsr_common2
[1.387s] Invoked command in '/home/deepet/Desktop/autofuel_system/doosan-robot2/build/dsr_common2' returned '0': CMAKE_PREFIX_PATH=${CMAKE_PREFIX_PATH}:/opt/ros/jazzy DEBUGINFOD_URLS=https://debuginfod.ubuntu.com /usr/bin/cmake /home/deepet/Desktop/autofuel_system/doosan-robot2/dsr_common2 -DCMAKE_INSTALL_PREFIX=/home/deepet/Desktop/autofuel_system/doosan-robot2/install/dsr_common2
[1.388s] Invoking command in '/home/deepet/Desktop/autofuel_system/doosan-robot2/build/dsr_common2': CMAKE_PREFIX_PATH=${CMAKE_PREFIX_PATH}:/opt/ros/jazzy DEBUGINFOD_URLS=https://debuginfod.ubuntu.com /usr/bin/cmake --build /home/deepet/Desktop/autofuel_system/doosan-robot2/build/dsr_common2 -- -j32 -l32
[1.453s] Invoked command in '/home/deepet/Desktop/autofuel_system/doosan-robot2/build/dsr_common2' returned '0': CMAKE_PREFIX_PATH=${CMAKE_PREFIX_PATH}:/opt/ros/jazzy DEBUGINFOD_URLS=https://debuginfod.ubuntu.com /usr/bin/cmake --build /home/deepet/Desktop/autofuel_system/doosan-robot2/build/dsr_common2 -- -j32 -l32
[1.454s] Invoking command in '/home/deepet/Desktop/autofuel_system/doosan-robot2/build/dsr_common2': CMAKE_PREFIX_PATH=${CMAKE_PREFIX_PATH}:/opt/ros/jazzy DEBUGINFOD_URLS=https://debuginfod.ubuntu.com /usr/bin/cmake --install /home/deepet/Desktop/autofuel_system/doosan-robot2/build/dsr_common2
[1.468s] -- Install configuration: ""
[1.468s] -- Installing: /home/deepet/Desktop/autofuel_system/doosan-robot2/install/dsr_common2/lib/python3.12/site-packages/
[1.469s] -- Installing: /home/deepet/Desktop/autofuel_system/doosan-robot2/install/dsr_common2/lib/python3.12/site-packages//DR_tcp_server2.py
[1.469s] -- Installing: /home/deepet/Desktop/autofuel_system/doosan-robot2/install/dsr_common2/lib/python3.12/site-packages//DSR_util2.py
[1.470s] -- Installing: /home/deepet/Desktop/autofuel_system/doosan-robot2/install/dsr_common2/lib/python3.12/site-packages//DR_common2.py
[1.470s] -- Installing: /home/deepet/Desktop/autofuel_system/doosan-robot2/install/dsr_common2/lib/python3.12/site-packages//DR_error2.py
[1.470s] -- Installing: /home/deepet/Desktop/autofuel_system/doosan-robot2/install/dsr_common2/lib/python3.12/site-packages//DR_tcp_client2.py
[1.471s] -- Installing: /home/deepet/Desktop/autofuel_system/doosan-robot2/install/dsr_common2/lib/python3.12/site-packages//__init__.py
[1.471s] -- Installing: /home/deepet/Desktop/autofuel_system/doosan-robot2/install/dsr_common2/lib/python3.12/site-packages//DRFC.py
[1.471s] -- Installing: /home/deepet/Desktop/autofuel_system/doosan-robot2/install/dsr_common2/lib/python3.12/site-packages//DSR_ROBOT2.py
[1.471s] -- Installing: /home/deepet/Desktop/autofuel_system/doosan-robot2/install/dsr_common2/lib/python3.12/site-packages//DR_init.py
[1.472s] -- Installing: /home/deepet/Desktop/autofuel_system/doosan-robot2/install/dsr_common2/share/ament_index/resource_index/package_run_dependencies/dsr_common2
[1.472s] -- Installing: /home/deepet/Desktop/autofuel_system/doosan-robot2/install/dsr_common2/share/ament_index/resource_index/parent_prefix_path/dsr_common2
[1.472s] -- Installing: /home/deepet/Desktop/autofuel_system/doosan-robot2/install/dsr_common2/share/dsr_common2/environment/ament_prefix_path.sh
[1.472s] -- Installing: /home/deepet/Desktop/autofuel_system/doosan-robot2/install/dsr_common2/share/dsr_common2/environment/ament_prefix_path.dsv
[1.472s] -- Installing: /home/deepet/Desktop/autofuel_system/doosan-robot2/install/dsr_common2/share/dsr_common2/environment/path.sh
[1.472s] -- Installing: /home/deepet/Desktop/autofuel_system/doosan-robot2/install/dsr_common2/share/dsr_common2/environment/path.dsv
[1.472s] -- Installing: /home/deepet/Desktop/autofuel_system/doosan-robot2/install/dsr_common2/share/dsr_common2/local_setup.bash
[1.473s] -- Installing: /home/deepet/Desktop/autofuel_system/doosan-robot2/install/dsr_common2/share/dsr_common2/local_setup.sh
[1.476s] -- Installing: /home/deepet/Desktop/autofuel_system/doosan-robot2/install/dsr_common2/share/dsr_common2/local_setup.zsh
[1.476s] -- Installing: /home/deepet/Desktop/autofuel_system/doosan-robot2/install/dsr_common2/share/dsr_common2/local_setup.dsv
[1.476s] -- Installing: /home/deepet/Desktop/autofuel_system/doosan-robot2/install/dsr_common2/share/dsr_common2/package.dsv
[1.476s] -- Installing: /home/deepet/Desktop/autofuel_system/doosan-robot2/install/dsr_common2/share/ament_index/resource_index/packages/dsr_common2
[1.476s] -- Installing: /home/deepet/Desktop/autofuel_system/doosan-robot2/install/dsr_common2/share/dsr_common2/cmake/dsr_common2Config.cmake
[1.477s] -- Installing: /home/deepet/Desktop/autofuel_system/doosan-robot2/install/dsr_common2/share/dsr_common2/cmake/dsr_common2Config-version.cmake
[1.477s] -- Installing: /home/deepet/Desktop/autofuel_system/doosan-robot2/install/dsr_common2/share/dsr_common2/package.xml
[1.477s] -- Installing: /home/deepet/Desktop/autofuel_system/doosan-robot2/install/dsr_common2/share/dsr_common2/bin
[1.477s] -- Installing: /home/deepet/Desktop/autofuel_system/doosan-robot2/install/dsr_common2/share/dsr_common2/bin/common2
[1.477s] -- Installing: /home/deepet/Desktop/autofuel_system/doosan-robot2/install/dsr_common2/share/dsr_common2/bin/run_drcf.sh
[1.477s] -- Installing: /home/deepet/Desktop/autofuel_system/doosan-robot2/install/dsr_common2/lib/dsr_common2/imp
[1.478s] -- Installing: /home/deepet/Desktop/autofuel_system/doosan-robot2/install/dsr_common2/lib/dsr_common2/imp/DR_tcp_server2.py
[1.478s] -- Installing: /home/deepet/Desktop/autofuel_system/doosan-robot2/install/dsr_common2/lib/dsr_common2/imp/DSR_util2.py
[1.478s] -- Installing: /home/deepet/Desktop/autofuel_system/doosan-robot2/install/dsr_common2/lib/dsr_common2/imp/DR_common2.py
[1.478s] -- Installing: /home/deepet/Desktop/autofuel_system/doosan-robot2/install/dsr_common2/lib/dsr_common2/imp/DR_error2.py
[1.478s] -- Installing: /home/deepet/Desktop/autofuel_system/doosan-robot2/install/dsr_common2/lib/dsr_common2/imp/DR_tcp_client2.py
[1.478s] -- Installing: /home/deepet/Desktop/autofuel_system/doosan-robot2/install/dsr_common2/lib/dsr_common2/imp/__init__.py
[1.479s] -- Installing: /home/deepet/Desktop/autofuel_system/doosan-robot2/install/dsr_common2/lib/dsr_common2/imp/DRFC.py
[1.479s] -- Installing: /home/deepet/Desktop/autofuel_system/doosan-robot2/install/dsr_common2/lib/dsr_common2/imp/DSR_ROBOT2.py
[1.479s] -- Installing: /home/deepet/Desktop/autofuel_system/doosan-robot2/install/dsr_common2/lib/dsr_common2/imp/DR_init.py
[1.479s] Invoked command in '/home/deepet/Desktop/autofuel_system/doosan-robot2/build/dsr_common2' returned '0': CMAKE_PREFIX_PATH=${CMAKE_PREFIX_PATH}:/opt/ros/jazzy DEBUGINFOD_URLS=https://debuginfod.ubuntu.com /usr/bin/cmake --install /home/deepet/Desktop/autofuel_system/doosan-robot2/build/dsr_common2
